2021-08-24 14:44:33.684 - INFO - 16020 - azureml.train.automl._experiment_drivers.driver_utilities.modify_run_configuration:199 - Package azureml-train-automl missing from dependencies file.
2021-08-24 14:44:33.696 - INFO - 16020 - azureml.train.automl._experiment_drivers.driver_utilities.modify_run_configuration:205 - Using pinned version: azureml-train-automl==1.33.0.*
2021-08-24 14:44:33.696 - INFO - 16020 - azureml.train.automl._experiment_drivers.driver_utilities.modify_run_configuration:199 - Package pandas missing from dependencies file.
2021-08-24 14:44:33.697 - INFO - 16020 - azureml.train.automl._experiment_drivers.driver_utilities.modify_run_configuration:205 - Using pinned version: pandas==0.25.1
2021-08-24 14:44:33.698 - INFO - 16020 - azureml.train.automl._experiment_drivers.driver_utilities.modify_run_configuration:199 - Package psutil missing from dependencies file.
2021-08-24 14:44:33.698 - INFO - 16020 - azureml.train.automl._experiment_drivers.driver_utilities.modify_run_configuration:205 - Using pinned version: psutil>5.0.0,<6.0.0
2021-08-24 14:44:33.698 - INFO - 16020 - azureml.train.automl._experiment_drivers.driver_utilities.modify_run_configuration:199 - Package scikit-learn missing from dependencies file.
2021-08-24 14:44:33.699 - INFO - 16020 - azureml.train.automl._experiment_drivers.driver_utilities.modify_run_configuration:205 - Using pinned version: scikit-learn==0.22.1
2021-08-24 14:44:33.699 - INFO - 16020 - azureml.train.automl._experiment_drivers.driver_utilities.modify_run_configuration:199 - Package numpy missing from dependencies file.
2021-08-24 14:44:33.699 - INFO - 16020 - azureml.train.automl._experiment_drivers.driver_utilities.modify_run_configuration:205 - Using pinned version: numpy~=1.18.0
2021-08-24 14:44:33.699 - INFO - 16020 - azureml.train.automl._experiment_drivers.driver_utilities.modify_run_configuration:199 - Package py-xgboost missing from dependencies file.
2021-08-24 14:44:33.699 - INFO - 16020 - azureml.train.automl._experiment_drivers.driver_utilities.modify_run_configuration:205 - Using pinned version: py-xgboost<=0.90
2021-08-24 14:44:33.700 - INFO - 16020 - azureml.train.automl._experiment_drivers.driver_utilities.modify_run_configuration:199 - Package inference-schema missing from dependencies file.
2021-08-24 14:44:33.700 - INFO - 16020 - azureml.train.automl._experiment_drivers.driver_utilities.modify_run_configuration:199 - Package fbprophet missing from dependencies file.
2021-08-24 14:44:33.700 - INFO - 16020 - azureml.train.automl._experiment_drivers.driver_utilities.modify_run_configuration:205 - Using pinned version: fbprophet==0.5
2021-08-24 14:44:33.700 - INFO - 16020 - azureml.train.automl._experiment_drivers.driver_utilities.modify_run_configuration:199 - Package setuptools-git missing from dependencies file.
2021-08-24 14:44:33.701 - INFO - 16020 - azureml.automl.core.dataset_utilities._save_datasets_to_json:131 - JSON serialization of input of type <class 'NoneType'> is un-supported.
2021-08-24 14:44:33.701 - INFO - 16020 - azureml.train.automl._experiment_drivers.driver_utilities.validate_input:124 - Start data validation.
2021-08-24 14:44:40.694 - INFO - 16020 - azureml.train.automl._experiment_drivers.driver_utilities.validate_input:137 - Validation service found the data has no errors.
2021-08-24 14:44:40.708 - INFO - 16020 - azureml.train.automl._experiment_drivers.driver_utilities.create_remote_parent_run:381 - Start creating parent run.
2021-08-24 14:44:41.561 - INFO - 16020 - azureml.train.automl._experiment_drivers.driver_utilities.create_remote_parent_run:401 - [ParentRunID:AutoML_c041b40a-53e6-40dd-b69f-f1f8a02117d3] Remote run using input X and y.
2021-08-24 14:44:42.429 - INFO - 16020 - azureml.train.automl._experiment_drivers.driver_utilities.start_remote_run:336 - Starting a snapshot run (snapshot_id : None)
2021-08-24 14:56:20.156 - INFO - 16020 - azureml.train.automl._experiment_drivers.driver_utilities.modify_run_configuration:199 - Package azureml-train-automl missing from dependencies file.
2021-08-24 14:56:20.156 - INFO - 16020 - azureml.train.automl._experiment_drivers.driver_utilities.modify_run_configuration:205 - Using pinned version: azureml-train-automl==1.33.0.*
2021-08-24 14:56:20.157 - INFO - 16020 - azureml.train.automl._experiment_drivers.driver_utilities.modify_run_configuration:199 - Package pandas missing from dependencies file.
2021-08-24 14:56:20.157 - INFO - 16020 - azureml.train.automl._experiment_drivers.driver_utilities.modify_run_configuration:205 - Using pinned version: pandas==0.25.1
2021-08-24 14:56:20.157 - INFO - 16020 - azureml.train.automl._experiment_drivers.driver_utilities.modify_run_configuration:199 - Package psutil missing from dependencies file.
2021-08-24 14:56:20.157 - INFO - 16020 - azureml.train.automl._experiment_drivers.driver_utilities.modify_run_configuration:205 - Using pinned version: psutil>5.0.0,<6.0.0
2021-08-24 14:56:20.157 - INFO - 16020 - azureml.train.automl._experiment_drivers.driver_utilities.modify_run_configuration:199 - Package scikit-learn missing from dependencies file.
2021-08-24 14:56:20.157 - INFO - 16020 - azureml.train.automl._experiment_drivers.driver_utilities.modify_run_configuration:205 - Using pinned version: scikit-learn==0.22.1
2021-08-24 14:56:20.157 - INFO - 16020 - azureml.train.automl._experiment_drivers.driver_utilities.modify_run_configuration:199 - Package numpy missing from dependencies file.
2021-08-24 14:56:20.157 - INFO - 16020 - azureml.train.automl._experiment_drivers.driver_utilities.modify_run_configuration:205 - Using pinned version: numpy~=1.18.0
2021-08-24 14:56:20.158 - INFO - 16020 - azureml.train.automl._experiment_drivers.driver_utilities.modify_run_configuration:199 - Package py-xgboost missing from dependencies file.
2021-08-24 14:56:20.158 - INFO - 16020 - azureml.train.automl._experiment_drivers.driver_utilities.modify_run_configuration:205 - Using pinned version: py-xgboost<=0.90
2021-08-24 14:56:20.158 - INFO - 16020 - azureml.train.automl._experiment_drivers.driver_utilities.modify_run_configuration:199 - Package inference-schema missing from dependencies file.
2021-08-24 14:56:20.158 - INFO - 16020 - azureml.train.automl._experiment_drivers.driver_utilities.modify_run_configuration:199 - Package fbprophet missing from dependencies file.
2021-08-24 14:56:20.158 - INFO - 16020 - azureml.train.automl._experiment_drivers.driver_utilities.modify_run_configuration:205 - Using pinned version: fbprophet==0.5
2021-08-24 14:56:20.158 - INFO - 16020 - azureml.train.automl._experiment_drivers.driver_utilities.modify_run_configuration:199 - Package setuptools-git missing from dependencies file.
2021-08-24 14:56:20.159 - INFO - 16020 - azureml.automl.core.dataset_utilities._save_datasets_to_json:131 - JSON serialization of input of type <class 'NoneType'> is un-supported.
2021-08-24 14:56:20.160 - INFO - 16020 - azureml.train.automl._experiment_drivers.driver_utilities.validate_input:124 - Start data validation.
2021-08-24 14:56:27.116 - INFO - 16020 - azureml.train.automl._experiment_drivers.driver_utilities.validate_input:137 - Validation service found the data has no errors.
2021-08-24 14:56:27.117 - INFO - 16020 - azureml.train.automl._experiment_drivers.driver_utilities.create_remote_parent_run:381 - Start creating parent run.
2021-08-24 14:56:27.638 - INFO - 16020 - azureml.train.automl._experiment_drivers.driver_utilities.create_remote_parent_run:401 - [ParentRunID:AutoML_aeeb0896-6b1b-4abf-9dde-1e2e6636d7a0] Remote run using input X and y.
2021-08-24 14:56:27.901 - INFO - 16020 - azureml.train.automl._experiment_drivers.driver_utilities.start_remote_run:336 - Starting a snapshot run (snapshot_id : None)
2021-08-29 20:28:30.211 - INFO - 14380 - azureml.train.automl._experiment_drivers.driver_utilities.modify_run_configuration:199 - Package azureml-train-automl missing from dependencies file.
2021-08-29 20:28:30.222 - INFO - 14380 - azureml.train.automl._experiment_drivers.driver_utilities.modify_run_configuration:205 - Using pinned version: azureml-train-automl==1.33.0.*
2021-08-29 20:28:30.223 - INFO - 14380 - azureml.train.automl._experiment_drivers.driver_utilities.modify_run_configuration:199 - Package pandas missing from dependencies file.
2021-08-29 20:28:30.223 - INFO - 14380 - azureml.train.automl._experiment_drivers.driver_utilities.modify_run_configuration:205 - Using pinned version: pandas==0.25.1
2021-08-29 20:28:30.223 - INFO - 14380 - azureml.train.automl._experiment_drivers.driver_utilities.modify_run_configuration:199 - Package psutil missing from dependencies file.
2021-08-29 20:28:30.224 - INFO - 14380 - azureml.train.automl._experiment_drivers.driver_utilities.modify_run_configuration:205 - Using pinned version: psutil>5.0.0,<6.0.0
2021-08-29 20:28:30.224 - INFO - 14380 - azureml.train.automl._experiment_drivers.driver_utilities.modify_run_configuration:199 - Package scikit-learn missing from dependencies file.
2021-08-29 20:28:30.224 - INFO - 14380 - azureml.train.automl._experiment_drivers.driver_utilities.modify_run_configuration:205 - Using pinned version: scikit-learn==0.22.1
2021-08-29 20:28:30.225 - INFO - 14380 - azureml.train.automl._experiment_drivers.driver_utilities.modify_run_configuration:199 - Package numpy missing from dependencies file.
2021-08-29 20:28:30.225 - INFO - 14380 - azureml.train.automl._experiment_drivers.driver_utilities.modify_run_configuration:205 - Using pinned version: numpy~=1.18.0
2021-08-29 20:28:30.225 - INFO - 14380 - azureml.train.automl._experiment_drivers.driver_utilities.modify_run_configuration:199 - Package py-xgboost missing from dependencies file.
2021-08-29 20:28:30.226 - INFO - 14380 - azureml.train.automl._experiment_drivers.driver_utilities.modify_run_configuration:205 - Using pinned version: py-xgboost<=0.90
2021-08-29 20:28:30.226 - INFO - 14380 - azureml.train.automl._experiment_drivers.driver_utilities.modify_run_configuration:199 - Package inference-schema missing from dependencies file.
2021-08-29 20:28:30.226 - INFO - 14380 - azureml.train.automl._experiment_drivers.driver_utilities.modify_run_configuration:199 - Package fbprophet missing from dependencies file.
2021-08-29 20:28:30.227 - INFO - 14380 - azureml.train.automl._experiment_drivers.driver_utilities.modify_run_configuration:205 - Using pinned version: fbprophet==0.5
2021-08-29 20:28:30.227 - INFO - 14380 - azureml.train.automl._experiment_drivers.driver_utilities.modify_run_configuration:199 - Package setuptools-git missing from dependencies file.
2021-08-29 20:28:30.229 - INFO - 14380 - azureml.automl.core.dataset_utilities._save_datasets_to_json:131 - JSON serialization of input of type <class 'NoneType'> is un-supported.
2021-08-29 20:28:30.230 - INFO - 14380 - azureml.train.automl._experiment_drivers.driver_utilities.validate_input:124 - Start data validation.
2021-08-29 20:28:39.877 - INFO - 14380 - azureml.train.automl._experiment_drivers.driver_utilities.validate_input:137 - Validation service found the data has no errors.
2021-08-29 20:28:39.879 - INFO - 14380 - azureml.train.automl._experiment_drivers.driver_utilities.create_remote_parent_run:381 - Start creating parent run.
2021-08-29 20:28:41.540 - INFO - 14380 - azureml.train.automl._experiment_drivers.driver_utilities.create_remote_parent_run:401 - [ParentRunID:AutoML_2f99dbcd-c1e1-4957-b721-7ed2b42babeb] Remote run using input X and y.
2021-08-29 20:28:42.533 - INFO - 14380 - azureml.train.automl._experiment_drivers.driver_utilities.start_remote_run:336 - Starting a snapshot run (snapshot_id : None)
2021-09-02 12:12:56.335 - INFO - 23284 - azureml.train.automl._experiment_drivers.driver_utilities.modify_run_configuration:199 - Package azureml-train-automl missing from dependencies file.
2021-09-02 12:12:56.338 - INFO - 23284 - azureml.train.automl._experiment_drivers.driver_utilities.modify_run_configuration:205 - Using pinned version: azureml-train-automl==1.33.0.*
2021-09-02 12:12:56.349 - INFO - 23284 - azureml.train.automl._experiment_drivers.driver_utilities.modify_run_configuration:199 - Package pandas missing from dependencies file.
2021-09-02 12:12:56.350 - INFO - 23284 - azureml.train.automl._experiment_drivers.driver_utilities.modify_run_configuration:205 - Using pinned version: pandas==0.25.1
2021-09-02 12:12:56.360 - INFO - 23284 - azureml.train.automl._experiment_drivers.driver_utilities.modify_run_configuration:199 - Package psutil missing from dependencies file.
2021-09-02 12:12:56.360 - INFO - 23284 - azureml.train.automl._experiment_drivers.driver_utilities.modify_run_configuration:205 - Using pinned version: psutil>5.0.0,<6.0.0
2021-09-02 12:12:56.360 - INFO - 23284 - azureml.train.automl._experiment_drivers.driver_utilities.modify_run_configuration:199 - Package scikit-learn missing from dependencies file.
2021-09-02 12:12:56.361 - INFO - 23284 - azureml.train.automl._experiment_drivers.driver_utilities.modify_run_configuration:205 - Using pinned version: scikit-learn==0.22.1
2021-09-02 12:12:56.361 - INFO - 23284 - azureml.train.automl._experiment_drivers.driver_utilities.modify_run_configuration:199 - Package numpy missing from dependencies file.
2021-09-02 12:12:56.361 - INFO - 23284 - azureml.train.automl._experiment_drivers.driver_utilities.modify_run_configuration:205 - Using pinned version: numpy~=1.18.0
2021-09-02 12:12:56.361 - INFO - 23284 - azureml.train.automl._experiment_drivers.driver_utilities.modify_run_configuration:199 - Package py-xgboost missing from dependencies file.
2021-09-02 12:12:56.362 - INFO - 23284 - azureml.train.automl._experiment_drivers.driver_utilities.modify_run_configuration:205 - Using pinned version: py-xgboost<=0.90
2021-09-02 12:12:56.362 - INFO - 23284 - azureml.train.automl._experiment_drivers.driver_utilities.modify_run_configuration:199 - Package inference-schema missing from dependencies file.
2021-09-02 12:12:56.363 - INFO - 23284 - azureml.train.automl._experiment_drivers.driver_utilities.modify_run_configuration:199 - Package fbprophet missing from dependencies file.
2021-09-02 12:12:56.363 - INFO - 23284 - azureml.train.automl._experiment_drivers.driver_utilities.modify_run_configuration:205 - Using pinned version: fbprophet==0.5
2021-09-02 12:12:56.363 - INFO - 23284 - azureml.train.automl._experiment_drivers.driver_utilities.modify_run_configuration:199 - Package setuptools-git missing from dependencies file.
2021-09-02 12:12:56.364 - INFO - 23284 - azureml.automl.core.dataset_utilities._save_datasets_to_json:131 - JSON serialization of input of type <class 'NoneType'> is un-supported.
2021-09-02 12:12:56.365 - INFO - 23284 - azureml.train.automl._experiment_drivers.driver_utilities.validate_input:124 - Start data validation.
2021-09-02 12:13:06.300 - INFO - 23284 - azureml.train.automl._experiment_drivers.driver_utilities.validate_input:137 - Validation service found the data has no errors.
2021-09-02 12:13:06.319 - INFO - 23284 - azureml.train.automl._experiment_drivers.driver_utilities.create_remote_parent_run:381 - Start creating parent run.
2021-09-02 12:13:07.469 - INFO - 23284 - azureml.train.automl._experiment_drivers.driver_utilities.create_remote_parent_run:401 - [ParentRunID:AutoML_abfbb864-254a-49dd-ab01-9aae018ca8de] Remote run using input X and y.
2021-09-02 12:13:08.335 - INFO - 23284 - azureml.train.automl._experiment_drivers.driver_utilities.start_remote_run:336 - Starting a snapshot run (snapshot_id : None)
